SF:lib/features/home/presenter/cubit/herotag_cubit.dart
DA:4,2
DA:6,1
DA:7,1
LF:3
LH:3
end_of_record
SF:lib/features/home/presenter/cubit/quantity_cubit.dart
DA:4,2
DA:6,4
DA:8,1
DA:9,2
DA:10,3
LF:5
LH:5
end_of_record
SF:lib/features/home/domain/usecases/get_products.dart
DA:11,2
DA:15,2
DA:16,6
LF:3
LH:3
end_of_record
SF:lib/cubit_main/objectincart_state.dart
DA:4,2
DA:6,1
DA:7,1
DA:13,1
LF:4
LH:4
end_of_record
SF:lib/cubit_main/objectincart_cubit.dart
DA:7,6
DA:9,1
DA:10,1
LF:3
LH:3
end_of_record
SF:lib/core/domain/entities/product.dart
DA:5,9
DA:20,2
DA:21,14
LF:3
LH:3
end_of_record
SF:lib/core/domain/entities/quantity.dart
DA:2,2
LF:1
LH:1
end_of_record
SF:lib/custom_widgets.dart/view_list_products.dart
DA:5,2
DA:9,1
DA:11,1
DA:12,1
DA:13,1
DA:14,1
DA:16,1
DA:17,2
DA:21,5
DA:25,1
DA:27,1
DA:29,3
LF:12
LH:12
end_of_record
SF:lib/features/home/data/models/product_model.dart
DA:6,0
DA:7,0
DA:8,0
DA:9,0
DA:10,0
DA:11,0
DA:12,0
DA:13,0
DA:17,0
DA:18,0
DA:20,1
DA:40,0
DA:41,0
DA:42,0
DA:43,0
DA:44,0
DA:45,0
DA:46,0
DA:47,0
LF:19
LH:1
end_of_record
SF:lib/features/home/data/repository/home_repository.dart
DA:10,2
DA:14,2
DA:16,6
DA:17,1
DA:18,2
DA:19,1
DA:20,2
DA:21,1
DA:22,1
DA:25,2
DA:26,4
DA:32,1
DA:34,3
DA:35,1
DA:36,1
DA:37,1
DA:38,1
DA:39,1
DA:40,1
DA:43,1
DA:44,2
LF:21
LH:21
end_of_record
SF:lib/features/home/domain/errors/home_errors.dart
DA:4,1
DA:11,4
LF:2
LH:2
end_of_record
SF:lib/features/home/domain/usecases/add_product.dart
DA:11,1
DA:15,1
DA:16,3
LF:3
LH:3
end_of_record
SF:lib/features/home/external/firebase_home.dart
DA:10,1
DA:12,1
DA:14,0
DA:15,0
DA:16,0
DA:18,0
DA:22,0
DA:23,0
DA:24,0
DA:25,0
DA:26,0
LF:11
LH:2
end_of_record
SF:lib/features/home/external/mock_external.dart
DA:6,0
DA:7,0
DA:8,0
DA:16,0
DA:28,0
LF:5
LH:0
end_of_record
SF:lib/features/home/presenter/bloc/details_bloc.dart
DA:13,3
DA:18,1
DA:21,1
DA:22,2
DA:23,4
DA:24,3
DA:25,1
DA:26,1
DA:27,1
DA:29,1
DA:31,1
DA:32,1
LF:12
LH:12
end_of_record
SF:lib/features/home/presenter/bloc/details_state.dart
DA:4,1
DA:6,1
DA:7,1
LF:3
LH:3
end_of_record
SF:lib/features/home/presenter/bloc/details_event.dart
DA:4,1
DA:8,1
LF:2
LH:2
end_of_record
SF:lib/features/home/presenter/bloc/home_state.dart
DA:7,2
DA:12,1
DA:15,1
DA:16,2
DA:18,1
DA:23,1
DA:29,1
LF:7
LH:7
end_of_record
SF:lib/features/home/presenter/bloc/home_bloc.dart
DA:13,2
DA:15,4
DA:20,2
DA:23,2
DA:24,4
DA:25,6
DA:26,6
DA:27,2
DA:28,2
DA:29,1
DA:31,2
DA:33,1
DA:34,1
LF:13
LH:13
end_of_record
SF:lib/features/home/presenter/home_injection.dart
DA:11,2
DA:13,1
DA:15,1
DA:16,1
DA:17,1
DA:18,2
DA:20,1
DA:21,2
DA:22,1
DA:25,1
DA:26,2
DA:27,1
DA:31,1
DA:32,2
DA:33,1
DA:34,1
DA:35,1
LF:17
LH:17
end_of_record
SF:lib/features/home/presenter/ui/home_page.dart
DA:11,0
DA:13,1
DA:16,1
DA:17,1
DA:18,1
DA:19,1
DA:22,1
DA:23,1
DA:24,0
DA:25,0
DA:26,0
DA:27,0
DA:30,1
DA:31,1
DA:32,0
DA:33,0
DA:34,0
DA:35,0
DA:39,1
DA:41,2
DA:45,1
DA:46,0
DA:47,0
DA:48,0
DA:50,0
DA:51,0
DA:67,1
DA:68,1
DA:69,1
DA:70,1
DA:75,1
DA:76,1
DA:78,1
DA:95,1
DA:98,0
DA:100,1
DA:103,0
DA:104,0
DA:105,0
DA:106,0
DA:107,0
DA:114,1
DA:117,0
DA:118,0
DA:119,0
DA:120,0
DA:121,0
DA:129,1
DA:130,1
DA:131,1
DA:132,0
DA:141,0
DA:145,0
DA:146,0
DA:150,1
DA:154,0
LF:56
LH:26
end_of_record
SF:lib/features/home/presenter/ui/details_products.dart
DA:11,0
DA:15,0
DA:19,0
DA:20,0
DA:24,0
DA:26,0
DA:27,0
DA:28,0
DA:29,0
DA:30,0
DA:31,0
DA:32,0
DA:35,0
DA:36,0
DA:38,0
DA:39,0
DA:42,0
DA:43,0
DA:49,0
DA:50,0
DA:51,0
DA:52,0
DA:53,0
DA:55,0
DA:56,0
DA:58,0
DA:59,0
DA:61,0
DA:62,0
DA:63,0
DA:64,0
DA:65,0
DA:66,0
DA:68,0
DA:75,0
DA:76,0
DA:78,0
DA:84,0
DA:85,0
DA:86,0
DA:89,0
DA:90,0
DA:91,0
DA:93,0
DA:94,0
DA:96,0
DA:98,0
DA:99,0
DA:100,0
DA:101,0
DA:103,0
DA:105,0
DA:111,0
DA:115,0
DA:116,0
DA:122,0
DA:124,0
DA:142,0
DA:145,0
DA:151,0
DA:152,0
DA:154,0
DA:164,0
DA:166,0
DA:167,0
DA:168,0
DA:170,0
DA:173,0
DA:175,0
DA:176,0
DA:177,0
DA:178,0
DA:181,0
DA:182,0
DA:187,0
DA:190,0
DA:192,0
DA:195,0
DA:196,0
DA:198,0
DA:200,0
DA:201,0
DA:212,0
DA:214,0
DA:216,0
DA:217,0
DA:218,0
DA:220,0
DA:221,0
DA:222,0
DA:223,0
DA:225,0
DA:226,0
DA:227,0
DA:229,0
DA:230,0
DA:231,0
LF:97
LH:0
end_of_record
SF:lib/features/home/presenter/ui/dual_view.dart
DA:4,0
DA:11,0
DA:19,0
DA:21,0
DA:22,0
DA:23,0
DA:24,0
DA:25,0
DA:26,0
DA:31,0
DA:32,0
DA:33,0
DA:35,0
DA:36,0
DA:37,0
DA:39,0
DA:40,0
DA:41,0
DA:43,0
DA:44,0
LF:20
LH:0
end_of_record
SF:lib/features/home/presenter/ui/store_list.dart
DA:10,0
DA:14,0
DA:16,0
DA:17,0
DA:19,0
DA:23,0
DA:24,0
DA:25,0
DA:26,0
DA:27,0
DA:28,0
DA:30,0
DA:31,0
DA:33,0
DA:36,0
DA:44,0
DA:46,0
DA:47,0
DA:52,0
DA:54,0
DA:57,0
DA:58,0
DA:59,0
DA:60,0
DA:61,0
DA:62,0
DA:67,0
DA:68,0
DA:76,0
DA:77,0
DA:90,0
LF:31
LH:0
end_of_record
SF:lib/features/orders/data/models/orders_model.dart
DA:8,0
DA:9,0
DA:10,0
DA:11,0
DA:12,0
DA:13,0
DA:18,0
DA:19,0
DA:21,1
LF:9
LH:1
end_of_record
SF:lib/features/orders/domain/entities/orders.dart
DA:6,2
DA:14,1
DA:16,3
LF:3
LH:3
end_of_record
SF:lib/features/orders/data/repository/orders_repository_impl.dart
DA:7,1
DA:11,1
DA:13,3
DA:14,1
DA:15,1
DA:16,1
DA:17,1
DA:18,1
DA:19,1
DA:22,1
DA:23,2
LF:11
LH:11
end_of_record
SF:lib/features/orders/domain/errors/orders_errors.dart
DA:4,1
DA:11,2
LF:2
LH:2
end_of_record
SF:lib/features/orders/domain/usecase/get_orders.dart
DA:11,1
DA:15,1
DA:16,3
LF:3
LH:3
end_of_record
SF:lib/features/orders/external/firebase_order.dart
DA:6,0
DA:7,0
DA:8,0
DA:9,0
DA:10,0
DA:12,0
DA:13,0
DA:14,0
DA:16,0
LF:9
LH:0
end_of_record
SF:lib/features/orders/external/mock_orders_external.dart
DA:8,0
DA:9,0
DA:10,0
DA:11,0
DA:12,0
DA:13,0
DA:20,0
DA:21,0
DA:28,0
LF:9
LH:0
end_of_record
SF:lib/features/orders/presenter/bloc/orders_event.dart
DA:4,1
LF:1
LH:1
end_of_record
SF:lib/features/orders/presenter/bloc/orders_state.dart
DA:4,1
DA:8,1
DA:13,1
DA:16,1
DA:17,2
DA:19,1
DA:24,1
DA:30,1
LF:8
LH:8
end_of_record
SF:lib/features/orders/presenter/bloc/orders_bloc.dart
DA:11,3
DA:16,1
DA:19,1
DA:20,2
DA:21,3
DA:22,3
DA:23,1
DA:24,1
DA:25,1
DA:27,1
DA:29,1
DA:30,1
LF:12
LH:12
end_of_record
SF:lib/features/orders/presenter/orders_injection.dart
DA:9,2
DA:11,0
DA:13,0
DA:14,0
DA:15,0
DA:16,0
DA:18,0
DA:19,0
DA:20,0
DA:23,0
DA:24,0
DA:25,0
DA:29,0
DA:30,0
DA:31,0
DA:32,0
DA:33,0
LF:17
LH:1
end_of_record
SF:lib/features/orders/presenter/ui/orders_page.dart
DA:7,0
DA:9,0
DA:11,0
DA:12,0
DA:22,0
DA:23,0
DA:24,0
DA:25,0
DA:26,0
DA:27,0
DA:28,0
DA:29,0
DA:30,0
DA:31,0
DA:35,0
DA:36,0
DA:37,0
DA:38,0
DA:39,0
DA:45,0
DA:49,0
DA:53,0
LF:22
LH:0
end_of_record
SF:lib/features/shopping_cart/data/models/product_cart_model.dart
DA:6,0
DA:7,0
DA:8,0
DA:9,0
DA:10,0
DA:11,0
DA:12,0
DA:13,0
DA:16,0
DA:17,0
DA:19,0
DA:40,0
DA:41,0
DA:42,0
DA:43,0
DA:44,0
DA:45,0
DA:46,0
DA:47,0
LF:19
LH:0
end_of_record
SF:lib/features/shopping_cart/data/repository/cart_repository.dart
DA:10,1
DA:14,1
DA:16,3
DA:17,1
DA:18,1
DA:19,1
DA:20,1
DA:21,1
DA:22,1
DA:25,1
DA:26,2
DA:32,1
DA:34,3
DA:35,1
DA:36,1
DA:37,1
DA:38,1
DA:39,1
DA:40,1
DA:43,1
DA:44,2
DA:50,1
DA:52,3
DA:53,1
DA:54,1
DA:55,1
DA:56,1
DA:57,1
DA:58,1
DA:61,1
DA:62,2
DA:68,0
DA:70,0
DA:71,0
DA:72,0
DA:73,0
DA:74,0
DA:75,0
DA:76,0
DA:79,0
DA:80,0
LF:41
LH:31
end_of_record
SF:lib/features/shopping_cart/domain/errors/cart_error.dart
DA:4,1
DA:11,1
LF:2
LH:2
end_of_record
SF:lib/features/shopping_cart/domain/entities/cart.dart
DA:2,0
LF:1
LH:0
end_of_record
SF:lib/features/shopping_cart/domain/usecase/create_order.dart
DA:11,0
DA:15,0
DA:16,0
LF:3
LH:0
end_of_record
SF:lib/features/shopping_cart/domain/usecase/delete_product.dart
DA:11,1
DA:15,1
DA:16,3
LF:3
LH:3
end_of_record
SF:lib/features/shopping_cart/domain/usecase/read_product.dart
DA:11,1
DA:15,1
DA:16,3
LF:3
LH:3
end_of_record
SF:lib/features/shopping_cart/domain/usecase/update_product.dart
DA:11,1
DA:15,1
DA:16,3
LF:3
LH:3
end_of_record
SF:lib/features/shopping_cart/external/firebase_cart_external.dart
DA:8,0
DA:9,0
DA:10,0
DA:11,0
DA:12,0
DA:17,0
DA:18,0
DA:20,0
DA:21,0
DA:22,0
DA:24,0
DA:28,0
DA:29,0
DA:30,0
DA:31,0
DA:37,0
DA:38,0
DA:39,0
DA:40,0
DA:41,0
DA:42,0
DA:43,0
DA:44,0
DA:47,0
DA:48,0
DA:50,0
DA:52,0
LF:27
LH:0
end_of_record
SF:lib/features/shopping_cart/external/mock_cart_external.dart
DA:7,0
DA:12,0
DA:13,0
DA:14,0
DA:21,0
DA:23,0
DA:30,0
DA:36,0
DA:41,0
LF:9
LH:0
end_of_record
SF:lib/features/shopping_cart/presenter/bloc/cart_state.dart
DA:4,0
DA:6,0
DA:7,0
DA:13,0
DA:16,0
DA:17,0
DA:19,0
LF:7
LH:0
end_of_record
SF:lib/features/shopping_cart/presenter/bloc/cart_event.dart
DA:4,0
DA:6,0
DA:7,0
DA:13,0
DA:18,0
DA:23,0
LF:6
LH:0
end_of_record
SF:lib/features/shopping_cart/presenter/bloc/cart_bloc.dart
DA:13,0
DA:17,0
DA:24,0
DA:27,0
DA:28,0
DA:29,0
DA:30,0
DA:31,0
DA:32,0
DA:33,0
DA:35,0
DA:37,0
DA:38,0
DA:41,0
DA:42,0
DA:43,0
DA:44,0
LF:17
LH:0
end_of_record
SF:lib/features/shopping_cart/presenter/cubit/createorder_state.dart
DA:4,0
DA:6,0
DA:7,0
DA:13,0
DA:16,0
DA:17,0
DA:19,0
LF:7
LH:0
end_of_record
SF:lib/features/shopping_cart/presenter/cubit/createorder_cubit.dart
DA:9,0
DA:13,0
DA:15,0
DA:16,0
DA:17,0
DA:18,0
DA:19,0
LF:7
LH:0
end_of_record
SF:lib/features/shopping_cart/presenter/cubit/quantity_cubit.dart
DA:4,0
DA:6,0
DA:7,0
DA:8,0
LF:4
LH:0
end_of_record
SF:lib/features/shopping_cart/presenter/shopping_cart_injection.dart
DA:10,0
DA:12,0
DA:14,0
DA:15,0
DA:16,0
DA:17,0
DA:19,0
DA:20,0
DA:21,0
DA:24,0
DA:25,0
DA:26,0
DA:29,0
DA:30,0
DA:31,0
DA:34,0
DA:35,0
DA:36,0
DA:39,0
DA:40,0
DA:41,0
DA:45,0
DA:46,0
DA:47,0
DA:48,0
DA:49,0
DA:50,0
DA:51,0
DA:52,0
DA:53,0
DA:56,0
DA:57,0
DA:58,0
DA:61,0
DA:62,0
LF:35
LH:0
end_of_record
SF:lib/features/shopping_cart/presenter/ui/cart_page.dart
DA:10,0
DA:12,0
DA:14,0
DA:15,0
DA:25,0
DA:26,0
DA:27,0
DA:28,0
DA:29,0
DA:32,0
DA:33,0
DA:34,0
DA:35,0
DA:36,0
DA:37,0
DA:38,0
DA:40,0
DA:44,0
DA:59,0
DA:61,0
DA:65,0
DA:69,0
LF:22
LH:0
end_of_record
SF:lib/features/shopping_cart/presenter/ui/cart_list.dart
DA:11,0
DA:15,0
DA:17,0
DA:18,0
DA:19,0
DA:21,0
DA:22,0
DA:23,0
DA:25,0
DA:26,0
DA:27,0
DA:28,0
DA:29,0
DA:30,0
DA:31,0
DA:32,0
DA:34,0
DA:36,0
DA:37,0
DA:38,0
DA:41,0
DA:42,0
DA:43,0
DA:44,0
DA:46,0
DA:47,0
DA:48,0
DA:51,0
DA:52,0
DA:53,0
DA:54,0
DA:55,0
DA:56,0
DA:57,0
DA:66,0
DA:69,0
DA:70,0
DA:71,0
DA:72,0
DA:73,0
DA:74,0
DA:85,0
DA:87,0
DA:88,0
DA:89,0
DA:90,0
DA:91,0
DA:92,0
DA:106,0
DA:107,0
DA:110,0
DA:112,0
DA:113,0
DA:114,0
DA:115,0
DA:116,0
LF:56
LH:0
end_of_record
SF:lib/features/shopping_cart/presenter/ui/rebound_animation.dart
DA:4,0
DA:12,0
DA:19,0
DA:21,0
DA:22,0
DA:24,0
DA:25,0
DA:26,0
DA:27,0
DA:28,0
DA:29,0
DA:32,0
DA:34,0
DA:39,0
LF:14
LH:0
end_of_record
SF:lib/features/shopping_cart/presenter/ui/order_created.dart
DA:4,0
DA:6,0
DA:8,0
DA:9,0
LF:4
LH:0
end_of_record
SF:lib/app/app.dart
DA:7,2
DA:9,1
DA:11,1
DA:12,2
LF:4
LH:4
end_of_record
