SF:lib/features/home/domain/usecases/get_products.dart
DA:11,1
DA:15,1
DA:16,3
LF:3
LH:3
end_of_record
SF:lib/features/home/data/models/product_model.dart
DA:4,1
LF:1
LH:1
end_of_record
SF:lib/core/domain/entities/product.dart
DA:4,6
DA:17,1
DA:18,6
LF:3
LH:3
end_of_record
SF:lib/features/home/data/repository/home_repository.dart
DA:10,1
DA:14,1
DA:16,3
DA:17,1
DA:18,1
DA:19,1
DA:20,1
DA:21,1
DA:22,1
DA:25,1
DA:26,2
LF:11
LH:11
end_of_record
SF:lib/features/home/domain/errors/home_errors.dart
DA:4,1
DA:11,2
LF:2
LH:2
end_of_record
SF:lib/features/home/external/mock_external.dart
DA:5,0
DA:6,0
DA:7,0
DA:15,0
LF:4
LH:0
end_of_record
SF:lib/features/home/presenter/home_injection.dart
DA:11,0
DA:13,0
DA:15,0
DA:16,0
DA:17,0
DA:18,0
DA:20,0
DA:21,0
DA:22,0
DA:25,0
DA:26,0
DA:27,0
DA:31,0
DA:32,0
DA:33,0
DA:34,0
DA:35,0
LF:17
LH:0
end_of_record
SF:lib/features/home/presenter/ui/home_page.dart
DA:8,0
DA:10,0
DA:12,0
DA:13,0
DA:14,0
DA:18,0
DA:19,0
DA:20,0
DA:21,0
DA:28,0
DA:29,0
DA:30,0
DA:31,0
DA:33,0
DA:34,0
DA:35,0
DA:44,0
DA:48,0
LF:18
LH:0
end_of_record
SF:lib/features/home/presenter/ui/card_products.dart
DA:5,0
DA:8,0
DA:12,0
DA:14,0
DA:15,0
DA:17,0
DA:20,0
DA:21,0
DA:22,0
DA:23,0
DA:25,0
DA:27,0
DA:28,0
DA:29,0
DA:32,0
DA:34,0
DA:35,0
DA:36,0
DA:37,0
DA:39,0
DA:40,0
LF:21
LH:0
end_of_record
SF:lib/features/home/presenter/bloc/home_state.dart
DA:7,1
DA:12,1
DA:15,1
DA:16,2
DA:18,1
DA:23,1
DA:29,1
LF:7
LH:7
end_of_record
SF:lib/features/home/presenter/bloc/home_bloc.dart
DA:13,3
DA:18,1
DA:21,1
DA:22,2
DA:23,3
DA:24,3
DA:25,1
DA:26,1
DA:27,1
DA:29,1
DA:31,1
DA:32,1
LF:12
LH:12
end_of_record
SF:lib/features/orders/data/models/orders_model.dart
DA:5,1
LF:1
LH:1
end_of_record
SF:lib/features/orders/domain/entities/orders.dart
DA:4,1
LF:1
LH:1
end_of_record
SF:lib/features/orders/data/repository/orders_repository_impl.dart
DA:7,1
DA:11,1
DA:13,3
DA:14,1
DA:15,1
DA:16,1
DA:17,1
DA:18,1
DA:19,1
DA:22,1
DA:23,2
LF:11
LH:11
end_of_record
SF:lib/features/orders/domain/errors/orders_errors.dart
DA:4,1
DA:11,1
LF:2
LH:2
end_of_record
SF:lib/features/orders/domain/usecase/get_orders.dart
DA:11,1
DA:15,1
DA:16,3
LF:3
LH:3
end_of_record
SF:lib/features/shopping_cart/data/models/product_cart_model.dart
DA:4,0
LF:1
LH:0
end_of_record
SF:lib/features/shopping_cart/data/repository/cart_repository.dart
DA:10,1
DA:14,1
DA:16,3
DA:17,1
DA:18,1
DA:19,1
DA:20,1
DA:21,1
DA:22,1
DA:25,1
DA:26,2
DA:32,1
DA:34,3
DA:35,1
DA:36,1
DA:37,1
DA:38,1
DA:39,1
DA:40,1
DA:43,1
DA:44,2
DA:50,1
DA:52,3
DA:53,1
DA:54,1
DA:55,1
DA:56,1
DA:57,1
DA:58,1
DA:61,1
DA:62,2
DA:68,1
DA:70,3
DA:71,1
DA:72,1
DA:73,1
DA:74,1
DA:75,1
DA:76,1
DA:79,1
DA:80,2
LF:41
LH:41
end_of_record
SF:lib/features/shopping_cart/domain/errors/cart_error.dart
DA:4,1
DA:11,1
LF:2
LH:2
end_of_record
SF:lib/features/shopping_cart/domain/entities/cart.dart
DA:2,0
LF:1
LH:0
end_of_record
SF:lib/features/shopping_cart/domain/usecase/add_product.dart
DA:11,1
DA:15,1
DA:16,3
LF:3
LH:3
end_of_record
SF:lib/features/shopping_cart/domain/usecase/delete_product.dart
DA:11,1
DA:15,1
DA:16,3
LF:3
LH:3
end_of_record
SF:lib/features/shopping_cart/domain/usecase/read_product.dart
DA:11,1
DA:15,1
DA:16,3
LF:3
LH:3
end_of_record
SF:lib/features/shopping_cart/domain/usecase/update_product.dart
DA:11,1
DA:15,1
DA:16,3
LF:3
LH:3
end_of_record
